<?xml version="1.0" encoding="UTF-8"?>
<!-- Generated by org.testng.reporters.JUnitReportReporter -->
<testsuite hostname="ip-192-168-2-104.eu-central-1.compute.internal" failures="0" tests="1" name="sel.AppTest" time="2.959" errors="0" timestamp="2021-06-18T22:01:36 CEST" skipped="0">
  <testcase classname="sel.AppTest" name="shouldAnswerWithTrue" time="2.959"/>
  <system-out/>
</testsuite> <!-- sel.AppTest -->
